bcrypt@3.0.3 install C:\Users\User\AppData\Roaming\npm\node_modules\bcrypt
> node-pre-gyp install --fallback-to-build

node-pre-gyp WARN Using needle for node-pre-gyp https download
node-pre-gyp WARN Tried to download(404): https://github.com/kelektiv/node.bcrypt.js/releases/download/v3.0.3/bcrypt_lib-v3.0.3-node-v64-win32-x64-unknown.tar.gz
node-pre-gyp WARN Pre-built binaries not found for bcrypt@3.0.3 and node@10.14.2 (node-v64 ABI, unknown) (falling back to source compile with node-gyp)
gyp ERR! configure error
gyp ERR! stack Error: Can't find Python executable "python", you can set the PYTHON env variable.
gyp ERR! stack     at PythonFinder.failNoPython (C:\Program Files\nodejs\node_modules\npm\node_modules\node-gyp\lib\configure.js:484:19)
gyp ERR! stack     at PythonFinder.<anonymous> (C:\Program Files\nodejs\node_modules\npm\node_modules\node-gyp\lib\configure.js:509:16)
gyp ERR! stack     at C:\Program Files\nodejs\node_modules\npm\node_modules\graceful-fs\polyfills.js:284:29
gyp ERR! stack     at FSReqWrap.oncomplete (fs.js:154:21)
gyp ERR! System Windows_NT 10.0.17134
gyp ERR! command "C:\\Program Files\\nodejs\\node.exe" "C:\\Program Files\\nodejs\\node_modules\\npm\\node_modules\\node-gyp\\bin\\node-gyp.js" "configure" "--fallback-to-build" "--module=C:\\Users\\User\\AppData\\Roaming\\npm\\node_modules\\bcrypt\\lib\\binding\\bcrypt_lib.node" "--module_name=bcrypt_lib" "--module_path=C:\\Users\\User\\AppData\\Roaming\\npm\\node_modules\\bcrypt\\lib\\binding" "--napi_version=3" "--node_abi_napi=napi" "--napi_build_version=0" "--node_napi_label=node-v64"
gyp ERR! cwd C:\Users\User\AppData\Roaming\npm\node_modules\bcrypt
gyp ERR! node -v v10.14.2
gyp ERR! node-gyp -v v3.8.0
gyp ERR! not ok
node-pre-gyp ERR! build error
node-pre-gyp ERR! stack Error: Failed to execute 'C:\Program Files\nodejs\node.exe C:\Program Files\nodejs\node_modules\npm\node_modules\node-gyp\bin\node-gyp.js configure --fallback-to-build --module=C:\Users\User\AppData\Roaming\npm\node_modules\bcrypt\lib\binding\bcrypt_lib.node --module_name=bcrypt_lib --module_path=C:\Users\User\AppData\Roaming\npm\node_modules\bcrypt\lib\binding --napi_version=3 --node_abi_napi=napi --napi_build_version=0 --node_napi_label=node-v64' (1)
node-pre-gyp ERR! stack     at ChildProcess.<anonymous> (C:\Users\User\AppData\Roaming\npm\node_modules\bcrypt\node_modules\node-pre-gyp\lib\util\compile.js:83:29)
node-pre-gyp ERR! stack     at ChildProcess.emit (events.js:182:13)
node-pre-gyp ERR! stack     at maybeClose (internal/child_process.js:962:16)
node-pre-gyp ERR! stack     at Process.ChildProcess._handle.onexit (internal/child_process.js:251:5)
node-pre-gyp ERR! System Windows_NT 10.0.17134
node-pre-gyp ERR! command "C:\\Program Files\\nodejs\\node.exe" "C:\\Users\\User\\AppData\\Roaming\\npm\\node_modules\\bcrypt\\node_modules\\node-pre-gyp\\bin\\node-pre-gyp" "install" "--fallback-to-build"
node-pre-gyp ERR! cwd C:\Users\User\AppData\Roaming\npm\node_modules\bcrypt
node-pre-gyp ERR! node -v v10.14.2
node-pre-gyp ERR! node-pre-gyp -v v0.12.0
node-pre-gyp ERR! not ok
Failed to execute 'C:\Program Files\nodejs\node.exe C:\Program Files\nodejs\node_modules\npm\node_modules\node-gyp\bin\node-gyp.js configure --fallback-to-build --module=C:\Users\User\AppData\Roaming\npm\node_modules\bcrypt\lib\binding\bcrypt_lib.node --module_name=bcrypt_lib --module_path=C:\Users\User\AppData\Roaming\npm\node_modules\bcrypt\lib\binding --napi_version=3 --node_abi_napi=napi --napi_build_version=0 --node_napi_label=node-v64' (1)
npm ERR! code ELIFECYCLE
npm ERR! errno 1
npm ERR! bcrypt@3.0.3 install: `node-pre-gyp install --fallback-to-build`
npm ERR! Exit status 1
npm ERR!
npm ERR! Failed at the bcrypt@3.0.3 install script.
npm ERR! This is probably not a problem with npm. There is likely additional logging output above.

npm ERR! A complete log of this run can be found in:
npm ERR!     C:\Users\User\AppData\Roaming\npm-cache\_logs\2018-12-31T11_33_47_322Z-debug.log
PS C:\Users\User\Desktop\mogo-sessions>